<?xml version="1.0" encoding="UTF-8"?>
<persistence xmlns="http://xmlns.jcp.org/xml/ns/persistence" version="2.1">
    <persistence-unit name="h2-persistence-unit">
        <class>com.example.crudtest1.entity.Student</class>
        <!-- Add more entity classes as needed -->

        <properties>
            <!-- JDBC connection properties -->
            <property name="javax.persistence.jdbc.driver" value="org.h2.Driver" />
            <property name="javax.persistence.jdbc.url" value="jdbc:h2:mem:testdb;DB_CLOSE_DELAY=-1" />
            <property name="javax.persistence.jdbc.user" value="sa" />
            <property name="javax.persistence.jdbc.password" value="sa" />

            <!-- Hibernate settings -->
            <property name="hibernate.dialect" value="org.hibernate.dialect.H2Dialect" />
            <property name="hibernate.hbm2ddl.auto" value="update" />
            <property name="hibernate.show_sql" value="true" />
            <property name="hibernate.format_sql" value="true" />
        </properties>
    </persistence-unit>
</persistence>
